running egg_info
writing ../build/turtle_control/turtle_control.egg-info/PKG-INFO
writing dependency_links to ../build/turtle_control/turtle_control.egg-info/dependency_links.txt
writing entry points to ../build/turtle_control/turtle_control.egg-info/entry_points.txt
writing requirements to ../build/turtle_control/turtle_control.egg-info/requires.txt
writing top-level names to ../build/turtle_control/turtle_control.egg-info/top_level.txt
reading manifest file '../build/turtle_control/turtle_control.egg-info/SOURCES.txt'
writing manifest file '../build/turtle_control/turtle_control.egg-info/SOURCES.txt'
running build
running build_py
copying turtle_control/draw_square.py -> /home/naveen-rg/ros2_ws/src/build/turtle_control/build/lib/turtle_control
copying turtle_control/draw_cube.py -> /home/naveen-rg/ros2_ws/src/build/turtle_control/build/lib/turtle_control
running install
running install_lib
copying /home/naveen-rg/ros2_ws/src/build/turtle_control/build/lib/turtle_control/draw_square.py -> /home/naveen-rg/ros2_ws/src/install/turtle_control/lib/python3.12/site-packages/turtle_control
copying /home/naveen-rg/ros2_ws/src/build/turtle_control/build/lib/turtle_control/draw_cube.py -> /home/naveen-rg/ros2_ws/src/install/turtle_control/lib/python3.12/site-packages/turtle_control
byte-compiling /home/naveen-rg/ros2_ws/src/install/turtle_control/lib/python3.12/site-packages/turtle_control/draw_square.py to draw_square.cpython-312.pyc
byte-compiling /home/naveen-rg/ros2_ws/src/install/turtle_control/lib/python3.12/site-packages/turtle_control/draw_cube.py to draw_cube.cpython-312.pyc
running install_data
running install_egg_info
removing '/home/naveen-rg/ros2_ws/src/install/turtle_control/lib/python3.12/site-packages/turtle_control-0.0.0-py3.12.egg-info' (and everything under it)
Copying ../build/turtle_control/turtle_control.egg-info to /home/naveen-rg/ros2_ws/src/install/turtle_control/lib/python3.12/site-packages/turtle_control-0.0.0-py3.12.egg-info
running install_scripts
Installing draw_square script to /home/naveen-rg/ros2_ws/src/install/turtle_control/lib/turtle_control
writing list of installed files to '/home/naveen-rg/ros2_ws/src/build/turtle_control/install.log'
