[0.735s] Invoking command in '/home/naveen-rg/ros2_ws/src/turtle_control': DEBUGINFOD_URLS=https://debuginfod.ubuntu.com PYTHONPATH=/home/naveen-rg/ros2_ws/src/build/turtle_control/prefix_override:/usr/lib/python3/dist-packages/colcon_core/task/python/colcon_distutils_commands:/home/naveen-rg/ros2_ws/src/install/turtle_control/lib/python3.12/site-packages:${PYTHONPATH} /usr/bin/python3 -W ignore:setup.py install is deprecated -W ignore:easy_install command is deprecated setup.py egg_info --egg-base ../build/turtle_control build --build-base /home/naveen-rg/ros2_ws/src/build/turtle_control/build install --record /home/naveen-rg/ros2_ws/src/build/turtle_control/install.log --single-version-externally-managed install_data
[0.948s] running egg_info
[0.964s] writing ../build/turtle_control/turtle_control.egg-info/PKG-INFO
[0.965s] writing dependency_links to ../build/turtle_control/turtle_control.egg-info/dependency_links.txt
[0.965s] writing entry points to ../build/turtle_control/turtle_control.egg-info/entry_points.txt
[0.965s] writing requirements to ../build/turtle_control/turtle_control.egg-info/requires.txt
[0.965s] writing top-level names to ../build/turtle_control/turtle_control.egg-info/top_level.txt
[0.998s] reading manifest file '../build/turtle_control/turtle_control.egg-info/SOURCES.txt'
[0.998s] writing manifest file '../build/turtle_control/turtle_control.egg-info/SOURCES.txt'
[0.998s] running build
[0.999s] running build_py
[0.999s] copying turtle_control/draw_square.py -> /home/naveen-rg/ros2_ws/src/build/turtle_control/build/lib/turtle_control
[0.999s] copying turtle_control/draw_cube.py -> /home/naveen-rg/ros2_ws/src/build/turtle_control/build/lib/turtle_control
[0.999s] running install
[1.005s] running install_lib
[1.022s] copying /home/naveen-rg/ros2_ws/src/build/turtle_control/build/lib/turtle_control/draw_square.py -> /home/naveen-rg/ros2_ws/src/install/turtle_control/lib/python3.12/site-packages/turtle_control
[1.022s] copying /home/naveen-rg/ros2_ws/src/build/turtle_control/build/lib/turtle_control/draw_cube.py -> /home/naveen-rg/ros2_ws/src/install/turtle_control/lib/python3.12/site-packages/turtle_control
[1.023s] byte-compiling /home/naveen-rg/ros2_ws/src/install/turtle_control/lib/python3.12/site-packages/turtle_control/draw_square.py to draw_square.cpython-312.pyc
[1.023s] byte-compiling /home/naveen-rg/ros2_ws/src/install/turtle_control/lib/python3.12/site-packages/turtle_control/draw_cube.py to draw_cube.cpython-312.pyc
[1.024s] running install_data
[1.024s] running install_egg_info
[1.044s] removing '/home/naveen-rg/ros2_ws/src/install/turtle_control/lib/python3.12/site-packages/turtle_control-0.0.0-py3.12.egg-info' (and everything under it)
[1.044s] Copying ../build/turtle_control/turtle_control.egg-info to /home/naveen-rg/ros2_ws/src/install/turtle_control/lib/python3.12/site-packages/turtle_control-0.0.0-py3.12.egg-info
[1.044s] running install_scripts
[1.154s] Installing draw_square script to /home/naveen-rg/ros2_ws/src/install/turtle_control/lib/turtle_control
[1.154s] writing list of installed files to '/home/naveen-rg/ros2_ws/src/build/turtle_control/install.log'
[1.182s] Invoked command in '/home/naveen-rg/ros2_ws/src/turtle_control' returned '0': DEBUGINFOD_URLS=https://debuginfod.ubuntu.com PYTHONPATH=/home/naveen-rg/ros2_ws/src/build/turtle_control/prefix_override:/usr/lib/python3/dist-packages/colcon_core/task/python/colcon_distutils_commands:/home/naveen-rg/ros2_ws/src/install/turtle_control/lib/python3.12/site-packages:${PYTHONPATH} /usr/bin/python3 -W ignore:setup.py install is deprecated -W ignore:easy_install command is deprecated setup.py egg_info --egg-base ../build/turtle_control build --build-base /home/naveen-rg/ros2_ws/src/build/turtle_control/build install --record /home/naveen-rg/ros2_ws/src/build/turtle_control/install.log --single-version-externally-managed install_data
