[6.308s] Invoking command in '/home/naveen-rg/ros2_ws/src/turtle_control': DEBUGINFOD_URLS=https://debuginfod.ubuntu.com PYTHONPATH=/home/naveen-rg/ros2_ws/src/build/turtle_control/prefix_override:/usr/lib/python3/dist-packages/colcon_core/task/python/colcon_distutils_commands:/home/naveen-rg/ros2_ws/src/install/turtle_control/lib/python3.12/site-packages:${PYTHONPATH} /usr/bin/python3 -W ignore:setup.py install is deprecated -W ignore:easy_install command is deprecated setup.py egg_info --egg-base ../build/turtle_control build --build-base /home/naveen-rg/ros2_ws/src/build/turtle_control/build install --record /home/naveen-rg/ros2_ws/src/build/turtle_control/install.log --single-version-externally-managed install_data
[6.537s] running egg_info
[6.537s] creating ../build/turtle_control/turtle_control.egg-info
[6.554s] writing ../build/turtle_control/turtle_control.egg-info/PKG-INFO
[6.554s] writing dependency_links to ../build/turtle_control/turtle_control.egg-info/dependency_links.txt
[6.554s] writing entry points to ../build/turtle_control/turtle_control.egg-info/entry_points.txt
[6.554s] writing requirements to ../build/turtle_control/turtle_control.egg-info/requires.txt
[6.554s] writing top-level names to ../build/turtle_control/turtle_control.egg-info/top_level.txt
[6.554s] writing manifest file '../build/turtle_control/turtle_control.egg-info/SOURCES.txt'
[6.585s] reading manifest file '../build/turtle_control/turtle_control.egg-info/SOURCES.txt'
[6.586s] writing manifest file '../build/turtle_control/turtle_control.egg-info/SOURCES.txt'
[6.586s] running build
[6.586s] running build_py
[6.586s] creating /home/naveen-rg/ros2_ws/src/build/turtle_control/build
[6.586s] creating /home/naveen-rg/ros2_ws/src/build/turtle_control/build/lib
[6.586s] creating /home/naveen-rg/ros2_ws/src/build/turtle_control/build/lib/turtle_control
[6.586s] copying turtle_control/draw_square.py -> /home/naveen-rg/ros2_ws/src/build/turtle_control/build/lib/turtle_control
[6.586s] copying turtle_control/__init__.py -> /home/naveen-rg/ros2_ws/src/build/turtle_control/build/lib/turtle_control
[6.586s] running install
[6.591s] running install_lib
[6.607s] creating /home/naveen-rg/ros2_ws/src/install/turtle_control/lib/python3.12/site-packages/turtle_control
[6.607s] copying /home/naveen-rg/ros2_ws/src/build/turtle_control/build/lib/turtle_control/draw_square.py -> /home/naveen-rg/ros2_ws/src/install/turtle_control/lib/python3.12/site-packages/turtle_control
[6.607s] copying /home/naveen-rg/ros2_ws/src/build/turtle_control/build/lib/turtle_control/__init__.py -> /home/naveen-rg/ros2_ws/src/install/turtle_control/lib/python3.12/site-packages/turtle_control
[6.607s] byte-compiling /home/naveen-rg/ros2_ws/src/install/turtle_control/lib/python3.12/site-packages/turtle_control/draw_square.py to draw_square.cpython-312.pyc
[6.608s] byte-compiling /home/naveen-rg/ros2_ws/src/install/turtle_control/lib/python3.12/site-packages/turtle_control/__init__.py to __init__.cpython-312.pyc
[6.608s] running install_data
[6.608s] creating /home/naveen-rg/ros2_ws/src/install/turtle_control/share/ament_index
[6.608s] creating /home/naveen-rg/ros2_ws/src/install/turtle_control/share/ament_index/resource_index
[6.608s] creating /home/naveen-rg/ros2_ws/src/install/turtle_control/share/ament_index/resource_index/packages
[6.608s] copying resource/turtle_control -> /home/naveen-rg/ros2_ws/src/install/turtle_control/share/ament_index/resource_index/packages
[6.608s] copying package.xml -> /home/naveen-rg/ros2_ws/src/install/turtle_control/share/turtle_control
[6.608s] running install_egg_info
[6.624s] Copying ../build/turtle_control/turtle_control.egg-info to /home/naveen-rg/ros2_ws/src/install/turtle_control/lib/python3.12/site-packages/turtle_control-0.0.0-py3.12.egg-info
[6.625s] running install_scripts
[6.727s] Installing draw_square script to /home/naveen-rg/ros2_ws/src/install/turtle_control/lib/turtle_control
[6.727s] writing list of installed files to '/home/naveen-rg/ros2_ws/src/build/turtle_control/install.log'
[6.758s] Invoked command in '/home/naveen-rg/ros2_ws/src/turtle_control' returned '0': DEBUGINFOD_URLS=https://debuginfod.ubuntu.com PYTHONPATH=/home/naveen-rg/ros2_ws/src/build/turtle_control/prefix_override:/usr/lib/python3/dist-packages/colcon_core/task/python/colcon_distutils_commands:/home/naveen-rg/ros2_ws/src/install/turtle_control/lib/python3.12/site-packages:${PYTHONPATH} /usr/bin/python3 -W ignore:setup.py install is deprecated -W ignore:easy_install command is deprecated setup.py egg_info --egg-base ../build/turtle_control build --build-base /home/naveen-rg/ros2_ws/src/build/turtle_control/build install --record /home/naveen-rg/ros2_ws/src/build/turtle_control/install.log --single-version-externally-managed install_data
